Log file open, 06/10/15 14:25:02
LogInit:Display: Running engine for game: LearnAndPlay
LogInit: Version: 4.7.6-2513093+++depot+UE4-Releases+4.7
LogInit: API Version: 2455222
LogInit: Compiled (64-bit): Apr 15 2015 12:09:54
LogInit: Compiled with Visual C++: 18.00.21005.01
LogInit: Build Configuration: Development
LogInit: Branch Name: ++depot+UE4-Releases+4.7
LogInit: Command line:  /Temp/Autosaves/Game/TopDownBP/Maps/UEDPCTopDownExampleMap -game -PIEVIACONSOLE -ResX=1280 -ResY=720  -Multiprocess 
LogInit: Base directory: F:/home/Programme/UnrealEngine/Unreal Engine/4.7/Engine/Binaries/Win64/
LogInit: Rocket: 1
[2015.06.10-12.25.02:667][  0]LogTaskGraph: Started task graph with 3 named threads and 6 total threads.
[2015.06.10-12.25.02:729][  0]LogOnline:Warning: No default platform service specified for OnlineSubsystem
[2015.06.10-12.25.02:749][  0]LogInit: Presizing for 0 objects not considered by GC, pre-allocating 0 bytes.
[2015.06.10-12.25.02:764][  0]LogInit: Object subsystem initialized
[2015.06.10-12.25.02:767][  0]LogConsoleResponse:Warning: Skipping Unknown console variable: 'TranslucentSortAxis = (X=0.000000,Y=-1.000000,Z=0.000000)'
[2015.06.10-12.25.02:767][  0]LogConsoleResponse:Warning:   Found in ini file 'C:/Users/lambe_000/Documents/Unreal Projects/LearnAndPlay/Saved/Config/Windows/Engine.ini', in section '[/Script/Engine.RendererSettings]'
[2015.06.10-12.25.02:767][  0]LogConsoleResponse:Warning: Skipping Unknown console variable: 'UIScaleRule = ShortestSide'
[2015.06.10-12.25.02:767][  0]LogConsoleResponse:Warning:   Found in ini file 'C:/Users/lambe_000/Documents/Unreal Projects/LearnAndPlay/Saved/Config/Windows/Engine.ini', in section '[/Script/Engine.RendererSettings]'
[2015.06.10-12.25.02:767][  0]LogConsoleResponse:Warning: Skipping Unknown console variable: 'UIScaleCurve = (EditorCurveData=(Keys=),ExternalCurve=None)'
[2015.06.10-12.25.02:767][  0]LogConsoleResponse:Warning:   Found in ini file 'C:/Users/lambe_000/Documents/Unreal Projects/LearnAndPlay/Saved/Config/Windows/Engine.ini', in section '[/Script/Engine.RendererSettings]'
[2015.06.10-12.25.02:768][  0]LogInit: Selected Device Profile: [Windows]
[2015.06.10-12.25.02:768][  0]LogInit: Applying CVar settings loaded from the selected device profile: [Windows]
[2015.06.10-12.25.02:777][  0]LogInit: Computer: BULBE
[2015.06.10-12.25.02:777][  0]LogInit: User: lambe000
[2015.06.10-12.25.02:777][  0]LogInit: CPU Page size=4096, Cores=4
[2015.06.10-12.25.02:777][  0]LogInit: High frequency timer resolution =2.338345 MHz
[2015.06.10-12.25.02:777][  0]LogMemory: Memory total: Physical=7.9GB (8GB approx) Virtual=131072.0GB
[2015.06.10-12.25.02:777][  0]LogMemory: Platform Memory Stats for Windows
[2015.06.10-12.25.02:777][  0]LogMemory: Process Physical Memory: 48.92 MB used, 48.92 MB peak
[2015.06.10-12.25.02:777][  0]LogMemory: Process Virtual Memory: 23.98 MB used, 23.99 MB peak
[2015.06.10-12.25.02:777][  0]LogMemory: Physical Memory: 3900.09 MB used, 8112.13 MB total
[2015.06.10-12.25.02:777][  0]LogMemory: Virtual Memory: 349.16 MB used, 134217728.00 MB total
[2015.06.10-12.25.02:814][  0]LogD3D11RHI: Found D3D11 adapter 0: NVIDIA GeForce GTX 870M     (Feature Level 11_0)
[2015.06.10-12.25.02:814][  0]LogD3D11RHI: Adapter has 2993MB of dedicated video memory, 0MB of dedicated system memory, and 4056MB of shared system memory, 1 output[s]
[2015.06.10-12.25.02:826][  0]LogD3D11RHI: Found D3D11 adapter 1: Intel(R) HD Graphics 4600 (Feature Level 11_0)
[2015.06.10-12.25.02:826][  0]LogD3D11RHI: Adapter has 0MB of dedicated video memory, 0MB of dedicated system memory, and 1792MB of shared system memory, 0 output[s]
[2015.06.10-12.25.02:827][  0]LogD3D11RHI: Found D3D11 adapter 2: Microsoft Basic Render Driver (Feature Level 11_0)
[2015.06.10-12.25.02:827][  0]LogD3D11RHI: Adapter has 0MB of dedicated video memory, 0MB of dedicated system memory, and 256MB of shared system memory, 0 output[s]
[2015.06.10-12.25.02:827][  0]LogD3D11RHI: Chosen D3D11 Adapter Id = 0
[2015.06.10-12.25.03:256][  0]LogRHI: Texture pool is 1361 MB (70% of 1945 MB)
[2015.06.10-12.25.03:269][  0]LogD3D11RHI: Async texture creation enabled
[2015.06.10-12.25.03:349][  0]LogTextLocalizationManager: The requested culture ('fr_FR') has no localization data; falling back to 'en' for localization and internationalization data.
[2015.06.10-12.25.03:470][  0]LogTextLocalizationManager:Warning: Loading localization resources contain conflicting entries for (Namespace:UICommands, Key:Save_ToolTip):
Resource: (F:/home/Programme/UnrealEngine/Unreal Engine/4.7/Engine/Content/Localization/Editor/en/Editor.locres) Hash: (-29098895) String: (Saves the current level to disk)
Resource: (F:/home/Programme/UnrealEngine/Unreal Engine/4.7/Engine/Content/Localization/Engine/en/Engine.locres) Hash: (-1280300587) String: (Save selected data to vlog file)
[2015.06.10-12.25.03:470][  0]LogTextLocalizationManager:Warning: Loading localization resources contain conflicting entries for (Namespace:ContentBrowser, Key:ImportAssetToolTip):
Resource: (F:/home/Programme/UnrealEngine/Unreal Engine/4.7/Engine/Content/Localization/Editor/en/Editor.locres) Hash: (-630476809) String: (Import to {0}...)
Resource: (F:/home/Programme/UnrealEngine/Unreal Engine/4.7/Engine/Content/Localization/Editor/en/Editor.locres) Hash: (1271782899) String: (Imports an asset from file to this folder.)
[2015.06.10-12.25.03:593][  0]LogContentStreaming: Texture pool size is 1000.000000MB
[2015.06.10-12.25.06:244][  0]LogTargetPlatformManager:Display: Building Assets For Windows
[2015.06.10-12.25.06:885][  0]LogTargetPlatformManager:Display: Building Assets For Windows
[2015.06.10-12.25.06:962][  0]LogDerivedDataCache:Display: Max Cache Size: 512 MB
[2015.06.10-12.25.07:018][  0]LogDerivedDataCache: Loaded boot cache 0.06s 39MB C:/Users/lambe_000/AppData/Local/UnrealEngine/4.7/DerivedDataCache/Boot.ddc.
[2015.06.10-12.25.07:018][  0]LogDerivedDataCache:Display: Loaded Boot cache: C:/Users/lambe_000/AppData/Local/UnrealEngine/4.7/DerivedDataCache/Boot.ddc
[2015.06.10-12.25.07:018][  0]LogDerivedDataCache: FDerivedDataBackendGraph:  Pak pak cache file C:/Users/lambe_000/Documents/Unreal Projects/LearnAndPlay/DerivedDataCache/DDC.ddp not found, will not use a pak cache.
[2015.06.10-12.25.07:018][  0]LogDerivedDataCache: Unable to find inner node Pak for hierarchical cache Hierarchy.
[2015.06.10-12.25.07:172][  0]LogDerivedDataCache:Display: Pak cache opened for reading ../../../Engine/DerivedDataCache/Compressed.ddp.
[2015.06.10-12.25.07:185][  0]LogDerivedDataCache: Using Local data cache path C:/Users/lambe_000/AppData/Local/UnrealEngine/Common/DerivedDataCache: Writable
[2015.06.10-12.25.07:487][  0]LogMeshUtilities: No automatic mesh reduction module available
[2015.06.10-12.25.07:487][  0]LogMeshUtilities: No automatic mesh merging module available
[2015.06.10-12.25.07:850][  0]LogInit: WinSock: version 1.1 (2.2), MaxSocks=32767, MaxUdp=65467
[2015.06.10-12.25.08:617][  0]LogWindowsMoviePlayer: Unable to load movie: C:/Users/lambe_000/Documents/Unreal Projects/LearnAndPlay/Content/Movies/Default_Startup.mp4
[2015.06.10-12.25.08:828][  0]LogSourceControl: RunCommandInternalRaw: 'git version'
[2015.06.10-12.25.08:839][  0]LogSourceControl: RunCommandInternalRaw: ExecProcess ReturnCode=0 OutResults='git version 1.9.4.msysgit.2
'
[2015.06.10-12.25.08:840][  0]LogSourceControl: RunCommandInternalRaw: 'git version'
[2015.06.10-12.25.08:850][  0]LogSourceControl: RunCommandInternalRaw: ExecProcess ReturnCode=0 OutResults='git version 1.9.4.msysgit.2
'
[2015.06.10-12.25.08:850][  0]LogSourceControl: RunCommandInternalRaw: 'git version'
[2015.06.10-12.25.08:865][  0]LogSourceControl: RunCommandInternalRaw: ExecProcess ReturnCode=0 OutResults='git version 1.9.4.msysgit.2
'
[2015.06.10-12.25.08:878][  0]LogSourceControl: RunCommandInternalRaw: 'git version'
[2015.06.10-12.25.08:889][  0]LogSourceControl: RunCommandInternalRaw: ExecProcess ReturnCode=0 OutResults='git version 1.9.4.msysgit.2
'
[2015.06.10-12.25.09:022][  0]LogObj: 23971 objects as part of root set at end of initial load.
[2015.06.10-12.25.09:022][  0]LogUObjectAllocator: 4988936 out of 0 bytes used by permanent object pool.
[2015.06.10-12.25.09:182][  0]LogAutomationTest:Warning: ERR: Transient text cannot be serialized "Testing Transient serialization detection".
[2015.06.10-12.25.09:191][  0]LogEngine: Initializing Engine...
[2015.06.10-12.25.11:369][  0]LogInit: XAudio2 using 'Casque (Périphérique High Definition Audio)' : 2 channels at 44.1 kHz using 16 bits per sample (channel mask 0x3)
[2015.06.10-12.25.11:378][  0]LogInit: FAudioDevice initialized.
[2015.06.10-12.25.11:382][  0]LogInit: Texture streaming: Enabled
[2015.06.10-12.25.11:476][  0]LogAnalytics: Creating configured Analytics provider AnalyticsET
[2015.06.10-12.25.11:476][  0]LogAnalytics: ET APIKey = Rocket.Release. APIServer = http://et2.epicgames.com/ET2/. AppVersion = 4.7.6-2513093+++depot+UE4-Releases+4.7
[2015.06.10-12.25.11:476][  0]LogAnalytics: ET APIKey = Rocket.Release. DataRouterUploadURL = https://datarouter-public-service-gamedev.ol.epicgames.net/datarouter/api/v1/public/data. AppVersion = 4.7.6-2513093+++depot+UE4-Releases+4.7
[2015.06.10-12.25.11:476][  0]LogAnalytics: SetUserId 70998d204059520a1379049a60f1a3f5|822d22110a9e43039434c65d92432f7a|bf6b3a3c-b257-4f9c-ab34-8724afd1b8a7
[2015.06.10-12.25.11:476][  0]LogAnalytics: AnalyticsET::StartSession [Rocket.Release]
[2015.06.10-12.25.11:551][  0]LogNet: Browse: /Temp/Autosaves/Game/TopDownBP/Maps/UEDPCTopDownExampleMap?Name=Player
[2015.06.10-12.25.11:554][  0]LogLoad: LoadMap: /Temp/Autosaves/Game/TopDownBP/Maps/UEDPCTopDownExampleMap?Name=Player
[2015.06.10-12.25.11:629][  0]LogMemory: Platform Memory Stats for Windows
[2015.06.10-12.25.11:629][  0]LogMemory: Process Physical Memory: 270.21 MB used, 286.52 MB peak
[2015.06.10-12.25.11:629][  0]LogMemory: Process Virtual Memory: 209.29 MB used, 230.33 MB peak
[2015.06.10-12.25.11:629][  0]LogMemory: Physical Memory: 4089.09 MB used, 8112.13 MB total
[2015.06.10-12.25.11:629][  0]LogMemory: Virtual Memory: 708.34 MB used, 134217728.00 MB total
[2015.06.10-12.25.11:629][  0]LogMemory: 
[2015.06.10-12.25.11:629][  0]Allocator Stats for TBB: (not implemented)
[2015.06.10-12.25.11:647][  0]LogLinker:Warning: Unable to load package (C:/Users/lambe_000/Documents/Unreal Projects/LearnAndPlay/Saved/Autosaves/Game/TopDownBP/Maps/UEDPCTopDownExampleMap.umap). Post Tag is not valid. File might be corrupted.
[2015.06.10-12.25.16:614][  0]LogNet: Browse: /Game/TopDownBP/Maps/TopDownExampleMap?Name=Player
[2015.06.10-12.25.16:614][  0]LogLoad: LoadMap: /Game/TopDownBP/Maps/TopDownExampleMap?Name=Player
[2015.06.10-12.25.16:624][  0]LogMemory: Platform Memory Stats for Windows
[2015.06.10-12.25.16:624][  0]LogMemory: Process Physical Memory: 271.04 MB used, 286.52 MB peak
[2015.06.10-12.25.16:624][  0]LogMemory: Process Virtual Memory: 209.34 MB used, 230.33 MB peak
[2015.06.10-12.25.16:624][  0]LogMemory: Physical Memory: 4084.67 MB used, 8112.13 MB total
[2015.06.10-12.25.16:624][  0]LogMemory: Virtual Memory: 730.69 MB used, 134217728.00 MB total
[2015.06.10-12.25.16:624][  0]LogMemory: 
[2015.06.10-12.25.16:624][  0]Allocator Stats for TBB: (not implemented)
[2015.06.10-12.25.17:036][  0]LogWorld: Game class is 'TopDownGameMode_C'
[2015.06.10-12.25.17:085][  0]LogAIModule: Creating AISystem for world TopDownExampleMap
[2015.06.10-12.25.17:096][  0]LogWorld: Bringing World /Game/TopDownBP/Maps/TopDownExampleMap.TopDownExampleMap up for play (max tick rate 0) at 2015.06.10-14.25.17
[2015.06.10-12.25.17:377][  0]LogWorld: Bringing up level for play took: 0.291538
[2015.06.10-12.25.17:418][  0]LogInit:Display: Game Engine Initialized.
[2015.06.10-12.25.17:647][  0]LogLoad: Full Startup: 17.32 seconds (BP compile: 0.12 seconds)
[2015.06.10-12.25.17:768][  2]LogRenderer:Warning: Reallocating scene render targets to support 1280x720 (Frame:2).
[2015.06.10-12.25.28:293][621]LogEngine: All Windows Closed
[2015.06.10-12.25.28:293][621]LogWindows: FPlatformMisc::RequestExit(0)
[2015.06.10-12.25.28:579][622]LogExit: Preparing to exit.
[2015.06.10-12.25.28:699][622]LogParticles: Destroying 0 GPU particle simulations for FXSystem 0x0000002A39D7E7A0
[2015.06.10-12.25.28:699][622]LogExit: Game engine shut down
[2015.06.10-12.25.28:775][622]LogExit: Object subsystem successfully closed.
[2015.06.10-12.25.28:820][622]LogModuleManager: Shutting down and abandoning module AndroidDeviceDetection (106)
[2015.06.10-12.25.28:917][622]LogModuleManager: Shutting down and abandoning module AutomationWorker (105)
[2015.06.10-12.25.28:917][622]LogModuleManager: Shutting down and abandoning module CharacterAI (104)
[2015.06.10-12.25.28:917][622]LogModuleManager: Shutting down and abandoning module AITestSuite (103)
[2015.06.10-12.25.28:917][622]LogModuleManager: Shutting down and abandoning module GameplayDebugger (102)
[2015.06.10-12.25.28:917][622]LogModuleManager: Shutting down and abandoning module AIModule (101)
[2015.06.10-12.25.28:917][622]LogModuleManager: Shutting down and abandoning module GameLiveStreaming (100)
[2015.06.10-12.25.28:917][622]LogModuleManager: Shutting down and abandoning module StreamingPauseRendering (99)
[2015.06.10-12.25.28:917][622]LogModuleManager: Shutting down and abandoning module HTTP (98)
[2015.06.10-12.25.28:917][622]LogModuleManager: Shutting down and abandoning module AnalyticsET (97)
[2015.06.10-12.25.28:917][622]LogModuleManager: Shutting down and abandoning module Analytics (96)
[2015.06.10-12.25.28:917][622]LogModuleManager: Shutting down and abandoning module ProfilerService (95)
[2015.06.10-12.25.29:158][622]LogModuleManager: Shutting down and abandoning module TaskGraph (94)
[2015.06.10-12.25.29:158][622]LogModuleManager: Shutting down and abandoning module SlateRemote (93)
[2015.06.10-12.25.29:159][622]LogModuleManager: Shutting down and abandoning module CustomMeshComponent (92)
[2015.06.10-12.25.29:159][622]LogModuleManager: Shutting down and abandoning module CableComponent (91)
[2015.06.10-12.25.29:159][622]LogModuleManager: Shutting down and abandoning module DesktopPlatform (90)
[2015.06.10-12.25.29:159][622]LogModuleManager: Shutting down and abandoning module DirectoryWatcher (89)
[2015.06.10-12.25.29:159][622]LogModuleManager: Shutting down and abandoning module HotReload (88)
[2015.06.10-12.25.29:159][622]LogModuleManager: Shutting down and abandoning module VisualStudioSourceCodeAccess (87)
[2015.06.10-12.25.29:159][622]LogModuleManager: Shutting down and abandoning module UObjectPlugin (86)
[2015.06.10-12.25.29:159][622]LogModuleManager: Shutting down and abandoning module SubversionSourceControl (85)
[2015.06.10-12.25.29:159][622]LogModuleManager: Shutting down and abandoning module GitSourceControl (84)
[2015.06.10-12.25.29:159][622]LogModuleManager: Shutting down and abandoning module SourceControl (83)
[2015.06.10-12.25.29:159][622]LogModuleManager: Shutting down and abandoning module PerforceSourceControl (82)
[2015.06.10-12.25.29:159][622]LogModuleManager: Shutting down and abandoning module BlankPlugin (81)
[2015.06.10-12.25.29:159][622]LogModuleManager: Shutting down and abandoning module ScriptPlugin (80)
[2015.06.10-12.25.29:159][622]LogModuleManager: Shutting down and abandoning module UdpMessaging (79)
[2015.06.10-12.25.29:159][622]LogModuleManager: Shutting down and abandoning module Paper2D (78)
[2015.06.10-12.25.29:159][622]LogModuleManager: Shutting down and abandoning module WindowsMoviePlayer (77)
[2015.06.10-12.25.29:162][622]LogModuleManager: Shutting down and abandoning module Media (76)
[2015.06.10-12.25.29:162][622]LogModuleManager: Shutting down and abandoning module WmfMedia (75)
[2015.06.10-12.25.29:162][622]LogModuleManager: Shutting down and abandoning module OnlineBlueprintSupport (74)
[2015.06.10-12.25.29:162][622]LogModuleManager: Shutting down and abandoning module PropertyEditor (73)
[2015.06.10-12.25.29:162][622]LogModuleManager: Shutting down and abandoning module BehaviorTreeEditor (72)
[2015.06.10-12.25.29:162][622]LogModuleManager: Shutting down and abandoning module FunctionalTesting (71)
[2015.06.10-12.25.29:162][622]LogModuleManager: Shutting down and abandoning module CollisionAnalyzer (70)
[2015.06.10-12.25.29:162][622]LogModuleManager: Shutting down and abandoning module WorkspaceMenuStructure (69)
[2015.06.10-12.25.29:162][622]LogModuleManager: Shutting down and abandoning module MessageLog (68)
[2015.06.10-12.25.29:162][622]LogModuleManager: Shutting down and abandoning module Sequencer (67)
[2015.06.10-12.25.29:162][622]LogModuleManager: Shutting down and abandoning module AssetTools (66)
[2015.06.10-12.25.29:162][622]LogModuleManager: Shutting down and abandoning module UMGEditor (65)
[2015.06.10-12.25.29:162][622]LogModuleManager: Shutting down and abandoning module UMG (64)
[2015.06.10-12.25.29:162][622]LogModuleManager: Shutting down and abandoning module Slate (63)
[2015.06.10-12.25.29:163][622]LogModuleManager: Shutting down and abandoning module EditorStyle (62)
[2015.06.10-12.25.29:168][622]LogModuleManager: Shutting down and abandoning module SessionServices (61)
[2015.06.10-12.25.29:168][622]LogModuleManager: Shutting down and abandoning module SourceCodeAccess (60)
[2015.06.10-12.25.29:168][622]LogModuleManager: Shutting down and abandoning module HeadMountedDisplay (59)
[2015.06.10-12.25.29:168][622]LogModuleManager: Shutting down and abandoning module XAudio2 (58)
[2015.06.10-12.25.29:168][622]LogModuleManager: Shutting down and abandoning module Networking (56)
[2015.06.10-12.25.29:168][622]LogModuleManager: Shutting down and abandoning module Core (55)
[2015.06.10-12.25.29:168][622]LogModuleManager: Shutting down and abandoning module KismetCompiler (54)
[2015.06.10-12.25.29:168][622]LogModuleManager: Shutting down and abandoning module PhysXFormats (53)
[2015.06.10-12.25.29:168][622]LogModuleManager: Shutting down and abandoning module MeshUtilities (52)
[2015.06.10-12.25.29:168][622]LogModuleManager: Shutting down and abandoning module DerivedDataCache (51)
[2015.06.10-12.25.29:199][622]LogDerivedDataCache: Shutdown
[2015.06.10-12.25.29:199][622]LogModuleManager: Shutting down and abandoning module ShaderFormatOpenGL (50)
[2015.06.10-12.25.29:199][622]LogModuleManager: Shutting down and abandoning module ShaderFormatD3D (49)
[2015.06.10-12.25.29:199][622]LogModuleManager: Shutting down and abandoning module MetalShaderFormat (48)
[2015.06.10-12.25.29:199][622]LogModuleManager: Shutting down and abandoning module TextureFormatUncompressed (47)
[2015.06.10-12.25.29:199][622]LogModuleManager: Shutting down and abandoning module TextureFormatPVR (46)
[2015.06.10-12.25.29:199][622]LogModuleManager: Shutting down and abandoning module TextureFormatIntelISPCTexComp (45)
[2015.06.10-12.25.29:199][622]LogModuleManager: Shutting down and abandoning module TextureFormatDXT (44)
[2015.06.10-12.25.29:199][622]LogModuleManager: Shutting down and abandoning module ImageWrapper (43)
[2015.06.10-12.25.29:199][622]LogModuleManager: Shutting down and abandoning module TextureFormatASTC (42)
[2015.06.10-12.25.29:199][622]LogModuleManager: Shutting down and abandoning module TextureFormatAndroid (41)
[2015.06.10-12.25.29:199][622]LogModuleManager: Shutting down and abandoning module AudioFormatOpus (40)
[2015.06.10-12.25.29:199][622]LogModuleManager: Shutting down and abandoning module AudioFormatOgg (39)
[2015.06.10-12.25.29:199][622]LogModuleManager: Shutting down and abandoning module AudioFormatADPCM (38)
[2015.06.10-12.25.29:199][622]LogModuleManager: Shutting down and abandoning module LinuxTargetPlatform (37)
[2015.06.10-12.25.29:199][622]LogModuleManager: Shutting down and abandoning module LinuxServerTargetPlatform (36)
[2015.06.10-12.25.29:199][622]LogModuleManager: Shutting down and abandoning module LinuxNoEditorTargetPlatform (35)
[2015.06.10-12.25.29:199][622]LogModuleManager: Shutting down and abandoning module Messaging (34)
[2015.06.10-12.25.29:199][622]LogModuleManager: Shutting down and abandoning module IOSTargetPlatform (33)
[2015.06.10-12.25.29:199][622]LogModuleManager: Shutting down and abandoning module HTML5TargetPlatform (32)
[2015.06.10-12.25.29:199][622]LogModuleManager: Shutting down and abandoning module Android_PVRTCTargetPlatform (31)
[2015.06.10-12.25.29:199][622]LogModuleManager: Shutting down and abandoning module Android_ETC2TargetPlatform (30)
[2015.06.10-12.25.29:199][622]LogModuleManager: Shutting down and abandoning module Android_ETC1TargetPlatform (29)
[2015.06.10-12.25.29:199][622]LogModuleManager: Shutting down and abandoning module Android_ES31TargetPlatform (28)
[2015.06.10-12.25.29:199][622]LogModuleManager: Shutting down and abandoning module Android_DXTTargetPlatform (27)
[2015.06.10-12.25.29:199][622]LogModuleManager: Shutting down and abandoning module Android_ATCTargetPlatform (26)
[2015.06.10-12.25.29:199][622]LogModuleManager: Shutting down and abandoning module AndroidTargetPlatform (25)
[2015.06.10-12.25.29:199][622]LogModuleManager: Shutting down and abandoning module WindowsTargetPlatform (24)
[2015.06.10-12.25.29:199][622]LogModuleManager: Shutting down and abandoning module WindowsServerTargetPlatform (23)
[2015.06.10-12.25.29:199][622]LogModuleManager: Shutting down and abandoning module WindowsNoEditorTargetPlatform (22)
[2015.06.10-12.25.29:199][622]LogModuleManager: Shutting down and abandoning module WindowsClientTargetPlatform (21)
[2015.06.10-12.25.29:199][622]LogModuleManager: Shutting down and abandoning module TargetPlatform (20)
[2015.06.10-12.25.29:199][622]LogModuleManager: Shutting down and abandoning module InputCore (19)
[2015.06.10-12.25.29:199][622]LogModuleManager: Shutting down and abandoning module Settings (18)
[2015.06.10-12.25.29:199][622]LogModuleManager: Shutting down and abandoning module OnlineSubsystem (16)
[2015.06.10-12.25.29:199][622]LogModuleManager: Shutting down and abandoning module OculusRift (15)
[2015.06.10-12.25.29:199][622]LogModuleManager: Shutting down and abandoning module ExampleDeviceProfileSelector (14)
[2015.06.10-12.25.29:199][622]LogModuleManager: Shutting down and abandoning module TextureCompressor (13)
[2015.06.10-12.25.29:199][622]LogModuleManager: Shutting down and abandoning module ShaderCore (12)
[2015.06.10-12.25.29:199][622]LogModuleManager: Shutting down and abandoning module Landscape (11)
[2015.06.10-12.25.29:199][622]LogModuleManager: Shutting down and abandoning module SlateRHIRenderer (10)
[2015.06.10-12.25.29:199][622]LogModuleManager: Shutting down and abandoning module OpenGLDrv (9)
[2015.06.10-12.25.29:199][622]LogModuleManager: Shutting down and abandoning module D3D11RHI (8)
[2015.06.10-12.25.29:199][622]LogModuleManager: Shutting down and abandoning module Renderer (7)
[2015.06.10-12.25.29:199][622]LogModuleManager: Shutting down and abandoning module Engine (6)
[2015.06.10-12.25.29:199][622]LogModuleManager: Shutting down and abandoning module CoreUObject (5)
[2015.06.10-12.25.29:199][622]LogModuleManager: Shutting down and abandoning module NetworkFile (4)
[2015.06.10-12.25.29:199][622]LogModuleManager: Shutting down and abandoning module StreamingFile (3)
[2015.06.10-12.25.29:199][622]LogModuleManager: Shutting down and abandoning module SandboxFile (2)
[2015.06.10-12.25.29:199][622]LogModuleManager: Shutting down and abandoning module PakFile (1)
[2015.06.10-12.25.29:200][622]LogExit: Exiting.
[2015.06.10-12.25.29:201][622]Log file closed, 06/10/15 14:25:29
