Log file open, 07/19/15 15:33:45
LogInit:Display: Running engine for game: LearnAndPlay
LogInit: Version: 4.7.6-2513093+++depot+UE4-Releases+4.7
LogInit: API Version: 2455222
LogInit: Compiled (64-bit): Apr 15 2015 12:09:54
LogInit: Compiled with Visual C++: 18.00.21005.01
LogInit: Build Configuration: Development
LogInit: Branch Name: ++depot+UE4-Releases+4.7
LogInit: Command line:  
LogInit: Base directory: C:/Program Files/Epic Games/4.7/Engine/Binaries/Win64/
LogInit: Rocket: 1
[2015.07.19-13.33.45:837][  0]LogTaskGraph: Started task graph with 3 named threads and 6 total threads.
[2015.07.19-13.33.45:939][  0]LogOnline:Warning: No default platform service specified for OnlineSubsystem
[2015.07.19-13.33.46:276][  0]LogInit: Presizing for 0 objects not considered by GC, pre-allocating 0 bytes.
[2015.07.19-13.33.46:473][  0]LogInit: Object subsystem initialized
[2015.07.19-13.33.46:594][  0]LogConsoleResponse:Warning: Skipping Unknown console variable: 'TranslucentSortAxis = (X=0.000000,Y=-1.000000,Z=0.000000)'
[2015.07.19-13.33.46:594][  0]LogConsoleResponse:Warning:   Found in ini file 'C:/Users/Lambert/Documents/Unreal Projects/LearnAndPlay/Saved/Config/Windows/Engine.ini', in section '[/Script/Engine.RendererSettings]'
[2015.07.19-13.33.46:594][  0]LogConsoleResponse:Warning: Skipping Unknown console variable: 'UIScaleRule = ShortestSide'
[2015.07.19-13.33.46:594][  0]LogConsoleResponse:Warning:   Found in ini file 'C:/Users/Lambert/Documents/Unreal Projects/LearnAndPlay/Saved/Config/Windows/Engine.ini', in section '[/Script/Engine.RendererSettings]'
[2015.07.19-13.33.46:594][  0]LogConsoleResponse:Warning: Skipping Unknown console variable: 'UIScaleCurve = (EditorCurveData=(Keys=),ExternalCurve=None)'
[2015.07.19-13.33.46:594][  0]LogConsoleResponse:Warning:   Found in ini file 'C:/Users/Lambert/Documents/Unreal Projects/LearnAndPlay/Saved/Config/Windows/Engine.ini', in section '[/Script/Engine.RendererSettings]'
[2015.07.19-13.33.46:647][  0]LogInit: Selected Device Profile: [Windows]
[2015.07.19-13.33.46:647][  0]LogInit: Applying CVar settings loaded from the selected device profile: [Windows]
[2015.07.19-13.33.46:877][  0]LogInit: Computer: ORDI-2010
[2015.07.19-13.33.46:877][  0]LogInit: User: Lambert
[2015.07.19-13.33.46:877][  0]LogInit: CPU Page size=4096, Cores=4
[2015.07.19-13.33.46:877][  0]LogInit: High frequency timer resolution =2.604218 MHz
[2015.07.19-13.33.46:877][  0]LogMemory: Memory total: Physical=4.0GB (4GB approx) Virtual=8192.0GB
[2015.07.19-13.33.46:878][  0]LogMemory: Platform Memory Stats for Windows
[2015.07.19-13.33.46:878][  0]LogMemory: Process Physical Memory: 47.57 MB used, 47.57 MB peak
[2015.07.19-13.33.46:878][  0]LogMemory: Process Virtual Memory: 27.44 MB used, 27.44 MB peak
[2015.07.19-13.33.46:878][  0]LogMemory: Physical Memory: 2511.41 MB used, 4087.05 MB total
[2015.07.19-13.33.46:878][  0]LogMemory: Virtual Memory: 281.62 MB used, 8388608.00 MB total
[2015.07.19-13.33.47:464][  0]LogD3D11RHI: Found D3D11 adapter 0: NVIDIA GeForce GTS 250 (Feature Level 10_0)
[2015.07.19-13.33.47:464][  0]LogD3D11RHI: Adapter has 1005MB of dedicated video memory, 0MB of dedicated system memory, and 1787MB of shared system memory, 1 output[s]
[2015.07.19-13.33.47:464][  0]LogD3D11RHI: Chosen D3D11 Adapter Id = 0
[2015.07.19-13.33.47:469][  0]LogRHI: Texture pool is 703 MB (70% of 1005 MB)
[2015.07.19-13.33.47:487][  0]LogD3D11RHI: Async texture creation enabled
[2015.07.19-13.33.49:338][  0]LogTextLocalizationManager: The requested culture ('fr_FR') has no localization data; falling back to 'en' for localization and internationalization data.
[2015.07.19-13.33.49:539][  0]LogTextLocalizationManager:Warning: Loading localization resources contain conflicting entries for (Namespace:UICommands, Key:Save_ToolTip):
Resource: (C:/Program Files/Epic Games/4.7/Engine/Content/Localization/Editor/en/Editor.locres) Hash: (-29098895) String: (Saves the current level to disk)
Resource: (C:/Program Files/Epic Games/4.7/Engine/Content/Localization/Engine/en/Engine.locres) Hash: (-1280300587) String: (Save selected data to vlog file)
[2015.07.19-13.33.49:539][  0]LogTextLocalizationManager:Warning: Loading localization resources contain conflicting entries for (Namespace:ContentBrowser, Key:ImportAssetToolTip):
Resource: (C:/Program Files/Epic Games/4.7/Engine/Content/Localization/Editor/en/Editor.locres) Hash: (-630476809) String: (Import to {0}...)
Resource: (C:/Program Files/Epic Games/4.7/Engine/Content/Localization/Editor/en/Editor.locres) Hash: (1271782899) String: (Imports an asset from file to this folder.)
[2015.07.19-13.33.49:646][  0]LogContentStreaming: Texture pool size is 0.000000MB
[2015.07.19-13.34.04:274][  0]LogTargetPlatformManager:Display: Building Assets For Windows
[2015.07.19-13.34.06:506][  0]LogTargetPlatformManager:Display: Building Assets For Windows
[2015.07.19-13.34.06:710][  0]LogDerivedDataCache:Display: Max Cache Size: 512 MB
[2015.07.19-13.34.06:711][  0]LogDerivedDataCache:Display: Starting with empty Boot cache
[2015.07.19-13.34.06:711][  0]LogDerivedDataCache: FDerivedDataBackendGraph:  Pak pak cache file ../../../../../../Users/Lambert/Documents/Unreal Projects/LearnAndPlay/DerivedDataCache/DDC.ddp not found, will not use a pak cache.
[2015.07.19-13.34.06:711][  0]LogDerivedDataCache: Unable to find inner node Pak for hierarchical cache Hierarchy.
[2015.07.19-13.34.06:896][  0]LogDerivedDataCache:Display: Pak cache opened for reading ../../../Engine/DerivedDataCache/Compressed.ddp.
[2015.07.19-13.34.06:930][  0]LogDerivedDataCache: Using Local data cache path C:/Users/Lambert/AppData/Local/UnrealEngine/Common/DerivedDataCache: Writable
[2015.07.19-13.34.15:427][  0]LogMeshUtilities: No automatic mesh reduction module available
[2015.07.19-13.34.15:427][  0]LogMeshUtilities: No automatic mesh merging module available
[2015.07.19-13.34.19:785][  0]LogInit: WinSock: version 1.1 (2.2), MaxSocks=32767, MaxUdp=65467
[2015.07.19-13.34.20:288][  0]LogSlate:Warning: Failed to load font data from '../../../Engine/Content/Slate/Fonts/Roboto-Italic.ttf'
[2015.07.19-13.34.27:264][  0]UdpMessaging: Initializing bridge on interface 0.0.0.0:0 to multicast group 230.0.0.1:6666.
[2015.07.19-13.34.29:554][  0]SourceControl: Info Source control is disabled
[2015.07.19-13.34.29:567][  0]SourceControl: Info Source control is disabled
[2015.07.19-13.34.29:567][  0]SourceControl: Info Source control is disabled
[2015.07.19-13.34.29:589][  0]LogSourceControl: RunCommandInternalRaw: 'git version'
[2015.07.19-13.34.31:483][  0]LogSourceControl: RunCommandInternalRaw: ExecProcess ReturnCode=0 OutResults='git version 1.9.5.msysgit.1
'
[2015.07.19-13.34.34:223][  0]LogObj: 24236 objects as part of root set at end of initial load.
[2015.07.19-13.34.34:223][  0]LogUObjectAllocator: 5138808 out of 0 bytes used by permanent object pool.
[2015.07.19-13.34.35:878][  0]LogEngine: Initializing Engine...
[2015.07.19-13.34.39:020][  0]LogInit: XAudio2 using 'Haut-parleurs (Périphérique High Definition Audio)' : 2 channels at 44.1 kHz using 16 bits per sample (channel mask 0x3)
[2015.07.19-13.34.39:312][  0]LogInit: FAudioDevice initialized.
[2015.07.19-13.34.39:947][  0]LogAIModule: Creating AISystem for world NewWorld
[2015.07.19-13.34.40:052][  0]LogDerivedDataCache: Saved boot cache 0.02s 36MB C:/Users/Lambert/AppData/Local/UnrealEngine/4.7/DerivedDataCache/Boot.ddc.
[2015.07.19-13.34.40:058][  0]LogInit: Texture streaming: Enabled
[2015.07.19-13.34.40:442][  0]LogAnalytics: Creating configured Analytics provider AnalyticsET
[2015.07.19-13.34.40:443][  0]LogAnalytics: ET APIKey = Rocket.Release. APIServer = http://et2.epicgames.com/ET2/. AppVersion = 4.7.6-2513093+++depot+UE4-Releases+4.7
[2015.07.19-13.34.40:443][  0]LogAnalytics: ET APIKey = Rocket.Release. DataRouterUploadURL = https://datarouter-public-service-gamedev.ol.epicgames.net/datarouter/api/v1/public/data. AppVersion = 4.7.6-2513093+++depot+UE4-Releases+4.7
[2015.07.19-13.34.40:443][  0]LogAnalytics: SetUserId b7cc2a8c4a21b7cca7aed2b51f369e66|822d22110a9e43039434c65d92432f7a|c80576da-8486-477a-8abd-5042f9bda23b
[2015.07.19-13.34.40:508][  0]LogAnalytics: AnalyticsET::StartSession [Rocket.Release]
[2015.07.19-13.34.42:163][  0]LogInit: Transaction tracking system initialized
[2015.07.19-13.34.46:766][  0]BlueprintLog: New page: Editor Load
[2015.07.19-13.34.47:462][  0]LogAssetRegistry: FAssetRegistry took 0.0793 seconds to start up
[2015.07.19-13.34.47:463][  0]LogDirectoryWatcher:Warning: Failed to begin reading directory changes for ../../../Engine/Plugins/Experimental/CharacterAI/Content/. Error: 0
[2015.07.19-13.34.59:570][  0]LogTargetPlatformManager:Display: Building Assets For Windows
[2015.07.19-13.35.00:299][  0]LogTargetPlatformManager:Display: Building Assets For Windows
[2015.07.19-13.35.05:135][  0]LogSlate:Warning: Failed to load font data from '../../../Engine/Content/Editor/Slate/Fonts/Roboto-Regular.ttf'
[2015.07.19-13.35.05:161][  0]LogSlate:Warning: Failed to load font data from '../../../Engine/Content/Editor/Slate/Fonts/Roboto-Bold.ttf'
[2015.07.19-13.35.05:379][  0]LogConsoleResponse:Display: 
[2015.07.19-13.35.09:282][  0]LogCook:Display: Done creating registry. It took  0.00s.
[2015.07.19-13.35.11:316][  0]LogSourceControl: RunCommandInternalRaw: 'git version'
[2015.07.19-13.35.11:376][  0]LogSourceControl: RunCommandInternalRaw: ExecProcess ReturnCode=0 OutResults='git version 1.9.5.msysgit.1
'
[2015.07.19-13.35.11:457][  0]Cmd: MAP LOAD FILE="../../../../../../Users/Lambert/Documents/Unreal Projects/LearnAndPlay/Content/TopDownBP/Maps/TopDownExampleMap.umap" TEMPLATE=0 SHOWPROGRESS=1 FEATURELEVEL=2
[2015.07.19-13.35.11:485][  0]LightingResults: New page: Lighting Build
[2015.07.19-13.35.11:893][  0]MapCheck: New page: Map Check
[2015.07.19-13.35.11:893][  0]LightingResults: New page: Lighting Build
[2015.07.19-13.35.12:278][  0]LogParticles: Destroying 0 GPU particle simulations for FXSystem 0x00000000137FE660
[2015.07.19-13.35.17:892][  0]LogTexture:Display: Building textures: druid (AutoDXT)
[2015.07.19-13.35.22:220][  0]LogTexture:Display: Building textures: druid_m (AutoDXT)
[2015.07.19-13.35.26:082][  0]LogMaterial: Missing cached shader map for material M_Druid, compiling. 
[2015.07.19-13.35.26:614][  0]LogTexture:Display: Building textures: micro_wizard_M (AutoDXT)
[2015.07.19-13.35.27:598][  0]LogTexture:Display: Building textures: micro_wizard_col (AutoDXT)
[2015.07.19-13.35.32:072][  0]LogMaterial: Missing cached shader map for material M_wizard, compiling. 
[2015.07.19-13.35.32:320][  0]LogTexture:Display: Building textures: cartoon (BGRA8)
[2015.07.19-13.35.32:662][  0]LogTexture:Display: Building textures: pirate (BGRA8)
[2015.07.19-13.35.34:088][  0]LogTexture:Display: Building textures: HQ_Lightmap1_1 (AutoDXT)
[2015.07.19-13.35.38:613][  0]LogTexture:Display: Building textures: HQ_Lightmap1_2 (AutoDXT)
[2015.07.19-13.35.40:884][  0]LogTexture:Display: Building textures: HQ_Lightmap1_3 (AutoDXT)
[2015.07.19-13.35.42:916][  0]LogTexture:Display: Building textures: HQ_Lightmap1_4 (AutoDXT)
[2015.07.19-13.35.44:890][  0]LogTexture:Display: Building textures: HQ_Lightmap1_5 (AutoDXT)
[2015.07.19-13.35.46:050][  0]LogTexture:Display: Building textures: HQ_Lightmap1_6 (AutoDXT)
[2015.07.19-13.35.48:854][  0]LogTexture:Display: Building textures: LQ_Lightmap_1_1 (DXT1)
[2015.07.19-13.35.50:344][  0]LogTexture:Display: Building textures: LQ_Lightmap_1_2 (DXT1)
[2015.07.19-13.35.50:905][  0]LogTexture:Display: Building textures: LQ_Lightmap_1_3 (DXT1)
[2015.07.19-13.35.51:894][  0]LogTexture:Display: Building textures: LQ_Lightmap_1_4 (DXT1)
[2015.07.19-13.35.53:957][  0]LogTexture:Display: Building textures: LQ_Lightmap_1_5 (DXT1)
[2015.07.19-13.35.54:215][  0]LogTexture:Display: Building textures: LQ_Lightmap_1_6 (DXT1)
[2015.07.19-13.35.54:253][  0]LogTexture:Display: Building textures: ShadowMapTexture2D_10 (BGRA8)
[2015.07.19-13.35.54:432][  0]LogTexture:Display: Building textures: ShadowMapTexture2D_11 (BGRA8)
[2015.07.19-13.35.54:622][  0]LogTexture:Display: Building textures: ShadowMapTexture2D_12 (BGRA8)
[2015.07.19-13.35.54:778][  0]LogTexture:Display: Building textures: ShadowMapTexture2D_13 (BGRA8)
[2015.07.19-13.35.54:809][  0]LogTexture:Display: Building textures: ShadowMapTexture2D_14 (BGRA8)
[2015.07.19-13.35.55:083][  0]LogTexture:Display: Building textures: ShadowMapTexture2D_6 (BGRA8)
[2015.07.19-13.35.55:786][  0]LogTexture:Display: Building textures: ShadowMapTexture2D_9 (BGRA8)
[2015.07.19-13.37.31:305][  0]LogOutputDevice: === Handled error: ===

Ensure condition failed: PLocalPose.isValid() [File:D:\BuildFarm\buildmachine_++depot+UE4-Releases+4.7\Engine\Source\Runtime\Engine\Private\PhysicsEngine\BodySetup.cpp] [Line: 424]

Stack: 
UE4Editor-Core.dll!FWindowsPlatformStackWalk::StackWalkAndDump() (0x000007fee6409ed6) + 0 bytes [d:\buildfarm\buildmachine_++depot+ue4-releases+4.7\engine\source\runtime\core\private\windows\windowsplatformstackwalk.cpp:174]
UE4Editor-Core.dll!FDebug::EnsureFailed() (0x000007fee6272ffd) + 0 bytes [d:\buildfarm\buildmachine_++depot+ue4-releases+4.7\engine\source\runtime\core\private\misc\outputdevice.cpp:279]
UE4Editor-Engine.dll!UBodySetup::AddSphylsToRigidActor() (0x000007fee42f7feb) + 0 bytes [d:\buildfarm\buildmachine_++depot+ue4-releases+4.7\engine\source\runtime\engine\private\physicsengine\bodysetup.cpp:425]
UE4Editor-Engine.dll!UBodySetup::AddShapesToRigidActor() (0x000007fee42f725d) + 0 bytes [d:\buildfarm\buildmachine_++depot+ue4-releases+4.7\engine\source\runtime\engine\private\physicsengine\bodysetup.cpp:594]
UE4Editor-Engine.dll!FBodyInstance::InitBody() (0x000007fee4319df6) + 0 bytes [d:\buildfarm\buildmachine_++depot+ue4-releases+4.7\engine\source\runtime\engine\private\physicsengine\bodyinstance.cpp:1275]
UE4Editor-Engine.dll!USkeletalMeshComponent::InitArticulated() (0x000007fee3c3f8cd) + 0 bytes [d:\buildfarm\buildmachine_++depot+ue4-releases+4.7\engine\source\runtime\engine\private\skeletalmeshcomponentphysics.cpp:757]
UE4Editor-Engine.dll!USkeletalMeshComponent::CreatePhysicsState() (0x000007fee3c13325) + 0 bytes [d:\buildfarm\buildmachine_++depot+ue4-releases+4.7\engine\source\runtime\engine\private\skeletalmeshcomponentphysics.cpp:1321]
UE4Editor-Engine.dll!UActorComponent::ExecuteRegisterEvents() (0x000007fee36315ed) + 0 bytes [d:\buildfarm\buildmachine_++depot+ue4-releases+4.7\engine\source\runtime\engine\private\actorcomponent.cpp:957]
UE4Editor-Engine.dll!UActorComponent::RegisterComponentWithWorld() (0x000007fee3669b0e) + 0 bytes [d:\buildfarm\buildmachine_++depot+ue4-releases+4.7\engine\source\runtime\engine\private\actorcomponent.cpp:749]
UE4Editor-Engine.dll!AActor::IncrementalRegisterComponents() (0x000007fee3657d6d) + 0 bytes [d:\buildfarm\buildmachine_++depot+ue4-releases+4.7\engine\source\runtime\engine\private\actor.cpp:3276]
UE4Editor-Engine.dll!ULevel::IncrementalUpdateComponents() (0x000007fee39d37d3) + 0 bytes [d:\buildfarm\buildmachine_++depot+ue4-releases+4.7\engine\source\runtime\engine\private\level.cpp:720]
UE4Editor-Engine.dll!UWorld::UpdateWorldComponents() (0x000007fee3f09b04) + 0 bytes [d:\buildfarm\buildmachine_++depot+ue4-releases+4.7\engine\source\runtime\engine\private\world.cpp:1215]
UE4Editor-UnrealEd.dll!FUnrealEdMisc::CB_MapChange() (0x000007fee132007d) + 0 bytes [d:\buildfarm\buildmachine_++depot+ue4-releases+4.7\engine\source\editor\unrealed\private\unrealedmisc.cpp:930]
UE4Editor-UnrealEd.dll!TBaseRawMethodDelegateInstance<0,FUnrealEdMisc,void __cdecl(unsigned int)>::ExecuteIfSafe() (0x000007fee134ac0e) + 0 bytes [d:\buildfarm\buildmachine_++depot+ue4-releases+4.7\engine\source\runtime\core\public\delegates\delegateinstancesimpl_variadics.inl:582]
UE4Editor-UnrealEd.dll!TBaseMulticastDelegate<void,unsigned int>::Broadcast() (0x000007fee0faafb5) + 14 bytes [d:\buildfarm\buildmachine_++depot+ue4-releases+4.7\engine\source\runtime\core\public\delegates\delegatesignatureimpl_variadics.inl:1030]
UE4Editor-UnrealEd.dll!UEditorEngine::Map_Load() (0x000007fee0fe022e) + 0 bytes [d:\buildfarm\buildmachine_++depot+ue4-releases+4.7\engine\source\editor\unrealed\private\editorserver.cpp:2340]
UE4Editor-UnrealEd.dll!UEditorEngine::HandleMapCommand() (0x000007fee0fcddfd) + 0 bytes [d:\buildfarm\buildmachine_++depot+ue4-releases+4.7\engine\source\editor\unrealed\private\editorserver.cpp:5680]
UE4Editor-UnrealEd.dll!UEditorEngine::Exec() (0x000007fee0fb8ead) + 21 bytes [d:\buildfarm\buildmachine_++depot+ue4-releases+4.7\engine\source\editor\unrealed\private\editorserver.cpp:5180]
UE4Editor-UnrealEd.dll!UUnrealEdEngine::Exec() (0x000007fee1340301) + 17 bytes [d:\buildfarm\buildmachine_++depot+ue4-releases+4.7\engine\source\editor\unrealed\private\unrealedsrv.cpp:742]
UE4Editor-UnrealEd.dll!FEditorFileUtils::LoadMap() (0x000007fee1048695) + 0 bytes [d:\buildfarm\buildmachine_++depot+ue4-releases+4.7\engine\source\editor\unrealed\private\filehelpers.cpp:1910]
UE4Editor-UnrealEd.dll!FEditorFileUtils::LoadDefaultMapAtStartup() (0x000007fee1048348) + 56 bytes [d:\buildfarm\buildmachine_++depot+ue4-releases+4.7\engine\source\editor\unrealed\private\filehelpers.cpp:3070]
UE4Editor-UnrealEd.dll!FUnrealEdMisc::OnInit() (0x000007fee137ba17) + 0 bytes [d:\buildfarm\buildmachine_++depot+ue4-releases+4.7\engine\source\editor\unrealed\private\unrealedmisc.cpp:299]
UE4Editor-UnrealEd.dll!EditorInit() (0x000007fee133e6b6) + 0 bytes [d:\buildfarm\buildmachine_++depot+ue4-releases+4.7\engine\source\editor\unrealed\private\unrealed.cpp:86]
UE4Editor.exe!GuardedMain() (0x000000013f9d249e) + 0 bytes [d:\buildfarm\buildmachine_++depot+ue4-releases+4.7\engine\source\runtime\launch\private\launch.cpp:133]
UE4Editor.exe!GuardedMainWrapper() (0x000000013f9d26ea) + 5 bytes [d:\buildfarm\buildmachine_++depot+ue4-releases+4.7\engine\source\runtime\launch\private\windows\launchwindows.cpp:126]
UE4Editor.exe!WinMain() (0x000000013f9e2219) + 17 bytes [d:\buildfarm\buildmachine_++depot+ue4-releases+4.7\engine\source\runtime\launch\private\windows\launchwindows.cpp:202]
UE4Editor.exe!__tmainCRTStartup() (0x000000013f9e3159) + 21 bytes [f:\dd\vctools\crt\crtw32\dllstuff\crtexe.c:618]
kernel32.dll!UnknownFunction (0x00000000772d59cd) + 0 bytes [UnknownFile:0]
ntdll.dll!UnknownFunction (0x000000007740b981) + 0 bytes [UnknownFile:0]
ntdll.dll!UnknownFunction (0x000000007740b981) + 0 bytes [UnknownFile:0]

[2015.07.19-13.38.05:940][  0]LogEditorServer: Finished looking for orphan Actors (0.015 secs)
[2015.07.19-13.38.06:211][  0]LogAIModule: Creating AISystem for world TopDownExampleMap
[2015.07.19-13.38.06:944][  0]Cmd: MAP CHECKDEP
[2015.07.19-13.38.07:079][  0]MapCheck: New page: TopDownExampleMap - Jul 19, 2015, 5:38:06 PM
[2015.07.19-13.38.10:507][  0]MapCheck: Info Map check complete: 0 Error(s), 0 Warning(s), took 3,527.725ms to complete.
[2015.07.19-13.38.10:526][  0]LogFileHelpers: Loading map 'TopDownExampleMap' took 179.114
[2015.07.19-13.38.23:313][  0]LogSourceControl: RunCommandInternalRaw: 'git status'
[2015.07.19-13.38.23:313][  0]LogCollectionManager: Loaded 0 collections in 0.002764 seconds
[2015.07.19-13.38.25:524][  0]LogContentBrowser: Native class hierarchy populated in 2.1516 seconds. Added 1697 classes and 263 folders.
[2015.07.19-13.38.27:773][  0]LogContentBrowser: Native class hierarchy updated for 'SceneOutliner' in 0.0080 seconds. Added 1 classes and 2 folders.
[2015.07.19-13.38.32:993][  0]LogCrashTracker: Crashtracker disabled due to settings.
[2015.07.19-13.38.33:298][  0]LogSlate:Warning: Failed to load font data from 'Veranda'
[2015.07.19-13.38.37:409][  0]LogLoad: Full Startup: 304.53 seconds (BP compile: 1.64 seconds)
[2015.07.19-13.38.51:890][  0]LogRenderer:Warning: Reallocating scene render targets to support 32x32 (Frame:2).
[2015.07.19-13.39.02:298][  0]LogRenderer:Warning: Reallocating scene render targets to support 1224x664 (Frame:3).
[2015.07.19-13.39.18:897][  1]LogContentBrowser:Verbose: The content browser source was changed by the sources view to '/Game/TopDownBP/Blueprints'
[2015.07.19-13.40.14:059][  8]LogEditorViewport: Clicking on Actor (LMB): StaticMeshActor (Wall1)
[2015.07.19-13.40.39:251][ 16]LogD3D11RHI: Timed out while waiting for GPU to catch up. (0.5 s)
[2015.07.19-13.40.39:462][ 17]LogSourceControl: RunCommandInternalRaw: 'git status --porcelain --ignored "C:/Users/Lambert/Documents/Unreal Projects/LearnAndPlay/Content/TopDownBP/Blueprints/selectcartoon.uasset" "C:/Users/Lambert/Documents/Unreal Projects/LearnAndPlay/Content/TopDownBP/Blueprints/selectpirate.uasset" "C:/Users/Lambert/Documents/Unreal Projects/LearnAndPlay/Content/TopDownBP/Blueprints/TopDownCharacter.uasset" "C:/Users/Lambert/Documents/Unreal Projects/LearnAndPlay/Content/TopDownBP/Blueprints/TopDownController.uasset" "C:/Users/Lambert/Documents/Unreal Projects/LearnAndPlay/Content/TopDownBP/Blueprints/TopDownGameMode.uasset"'
[2015.07.19-13.40.39:757][ 17]LogD3D11RHI: Timed out while waiting for GPU to catch up. (0.5 s)
[2015.07.19-13.40.45:884][ 18]LogD3D11RHI: Timed out while waiting for GPU to catch up. (0.5 s)
[2015.07.19-13.40.46:571][ 20]LogAssetRegistry: Asset discovery search completed in 359.1808 seconds
[2015.07.19-13.40.54:362][ 21]AssetReimport: New page: Outstanding source content changes 5:40:53 PM
[2015.07.19-13.40.58:141][ 21]LogSourceControl: RunCommandInternalRaw: ExecProcess ReturnCode=0 OutResults='On branch master
Your branch is up-to-date with 'origin/master'.

Changes to be committed:
  (use "git reset HEAD <file>..." to unstage)

	new file:   Content/Texture/Spirit-World-Facebook-Cover.uasset
	new file:   Content/Texture/cartoon.uasset
	new file:   Content/Texture/fleche_droite.uasset
	new file:   Content/Texture/fleche_gauche.uasset
	new file:   Content/Texture/pirate.uasset
	new file:   Content/Texture/world.uasset
	new file:   Content/TopDownBP/Blueprints/SelecWorld.uasset
	new file:   Content/TopDownBP/Blueprints/selectcartoon.uasset
	new file:   Content/TopDownBP/Blueprints/selectpirate.uasset
	new file:   Content/TopDownBP/Blueprints/world.uasset
	new file:   Content/TopDownBP/Maps/pirate2.umap
	new file:   Source/LearnAndPlay.Target.cs
	new file:   Source/LearnAndPlay/LearnAndPlay.Build.cs
	new file:   Source/LearnAndPlay/LearnAndPlay.cpp
	new file:   Source/LearnAndPlay/LearnAndPlay.h
	new file:   Source/LearnAndPlay/Portal.cpp
	new file:   Source/LearnAndPlay/Portal.h
	new file:   Source/LearnAndPlay/Resources/Windows/LearnAndPlay.rc
	new file:   Source/LearnAndPlayEditor.Target.cs

Changes not staged for commit:
  (use "git add/rm <file>..." to update what will be committed)
  (use "git checkout -- <file>..." to discard changes in working directory)

	modified:   Content/CartoonPlants/Showcase.umap
	modified:   Content/MicroMonsters/Bat/Materials/M_Bat.uasset
	modified:   Content/MicroMonsters/Dragon/Materials/M_Dragon.uasset
	modified:   Content/TopDownBP/Blueprints/TopDownCharacter.uasset
	modified:   Content/TopDownBP/Blueprints/selectcartoon.uasset
	modified:   Content/TopDownBP/Blueprints/selectpirate.uasset
	modified:   Content/TopDownBP/Maps/TopDownExampleMap.umap
	modified:   Content/TopDownBP/Maps/pirate2.umap
	modified:   Intermediate/CachedAssetRegistry.bin
	modified:   Intermediate/Config/CoalescedSourceConfigs/Engine.ini
	modified:   Intermediate/Config/CoalescedSourceConfigs/Game.ini
	modified:   LearnAndPlay.uproject
	modified:   Saved/AutoScreenshot.png
	modified:   Saved/Autosaves/Game/TopDownBP/Maps/UEDPCTopDownExampleMap.umap
	deleted:    Saved/Backup/TopDownExampleMap_2015-06-10-14-24-57.umap
	deleted:    Saved/Backup/TopDownExampleMap_2015-06-10-14-43-01.umap
	modified:   Saved/Config/Windows/Editor.ini
	modified:   Saved/Config/Windows/EditorLayout.ini
	modified:   Saved/Config/Windows/EditorUserSettings.ini
	modified:   Saved/Config/Windows/Engine.ini
	deleted:    Saved/Logs/LearnAndPlay-backup-2015.06.10-14.25.59.log
	deleted:    Saved/Logs/LearnAndPlay-backup-2015.06.10-14.38.17.log
	modified:   Saved/Logs/LearnAndPlay.log
	modified:   Saved/Logs/LearnAndPlay_2.log

Untracked files:
  (use "git add <file>..." to include in what will be committed)

	Binaries/
	Content/Animations/
	Content/TopDownBP/Maps/cartoon.umap
	Content/TopDownBP/Maps/pirate.umap
	Content/pirate/
	Intermediate/Build/
	Intermediate/ProjectFiles/
	Intermediate/Staging/
	LearnAndPlay.sdf
	LearnAndPlay.sln
	LearnAndPlay.v12.suo
	Saved/Autosaves/Game/CartoonPlants/
	Saved/Autosaves/Game/MicroMonsters/
	Saved/Autosaves/Game/TopDownBP/Blueprints/
	Saved/Autosaves/Game/TopDownBP/Maps/TopDownExampleMap_Auto1.umap
	Saved/Autosaves/Game/TopDownBP/Maps/TopDownExampleMap_Auto2.umap
	Saved/Autosaves/Game/TopDownBP/Maps/TopDownExampleMap_Auto3.umap
	Saved/Autosaves/Game/TopDownBP/Maps/TopDownExampleMap_Auto5.umap
	Saved/Autosaves/Game/TopDownBP/Maps/TopDownExampleMap_Auto6.umap
	Saved/Autosaves/Game/TopDownBP/Maps/UEDPCcartoon.umap
	Saved/Autosaves/Game/TopDownBP/Maps/UEDPCpirate2.umap
	Saved/Autosaves/Game/TopDownBP/Maps/cartoon_Auto4.umap
	Saved/Autosaves/Game/TopDownBP/Maps/pirate_Auto3.umap
	Saved/Backup/TopDownExampleMap_2015-06-11-08-33-15.umap
	Saved/Backup/TopDownExampleMap_2015-06-11-09-51-55.umap
	Saved/Backup/TopDownExampleMap_2015-06-11-10-08-31.umap
	Saved/Backup/TopDownExampleMap_2015-06-11-10-28-25.umap
	Saved/Backup/TopDownExampleMap_2015-06-24-12-39-18.umap
	Saved/Backup/TopDownExampleMap_2015-06-24-12-46-03.umap
	Saved/Backup/TopDownExampleMap_2015-06-24-12-52-29.umap
	Saved/Backup/TopDownExampleMap_2015-06-24-13-07-27.umap
	Saved/Backup/TopDownExampleMap_2015-06-24-15-57-51.umap
	Saved/Backup/TopDownExampleMap_2015-06-24-16-04-34.umap
	Saved/Backup/cartoon_2015-06-24-12-55-08.umap
	Saved/Backup/cartoon_2015-06-24-15-04-52.umap
	Saved/Backup/pirate_2015-06-24-13-18-04.umap
	Saved/Backup/pirate_2015-06-24-14-55-01.umap
	Saved/Backup/selectcartoon_2015-06-11-08-27-38.uasset
	Saved/Backup/selectcartoon_2015-06-11-10-08-30.uasset
	Saved/Backup/selectpirate_2015-06-11-08-28-45.uasset
	Saved/Backup/selectpirate_2015-06-11-09-59-23.uasset
	Saved/Backup/selectpirate_2015-06-11-10-08-31.uasset
	Saved/Config/WorldState/1622861495.json
	Saved/Config/WorldState/1720836037.json
	Saved/Config/WorldState/206097489.json
	Saved/Config/WorldState/879664179.json
	Saved/Cooked/
	Saved/Logs/Dump-1080270816.dmp
	Saved/Logs/Dump-1115401184.dmp
	Saved/Logs/Dump-1233667040.dmp
	Saved/Logs/Dump-1262879808.dmp
	Saved/Logs/Dump-1275288544.dmp
	Saved/Logs/Dump-1327509552.dmp
	Saved/Logs/Dump-1372031248.dmp
	Saved/Logs/Dump-1391737040.dmp
	Saved/Logs/Dump-1436319552.dmp
	Saved/Logs/Dump-1563721184.dmp
	Saved/Logs/Dump-1705123072.dmp
	Saved/Logs/Dump-1837634336.dmp
	Saved/Logs/Dump-1866829552.dmp
	Saved/Logs/Dump-194980944.dmp
	Saved/Logs/Dump-2053179552.dmp
	Saved/Logs/Dump-256446288.dmp
	Saved/Logs/Dump-314098240.dmp
	Saved/Logs/Dump-367916656.dmp
	Saved/Logs/Dump-37634400.dmp
	Saved/Logs/Dump-398957040.dmp
	Saved/Logs/Dump-467321632.dmp
	Saved/Logs/Dump-476208240.dmp
	Saved/Logs/Dump-714580944.dmp
	Saved/Logs/Dump-819093072.dmp
	Saved/Logs/Dump-954849808.dmp
	Saved/Logs/Dump-971706288.dmp
	Saved/Logs/Dump1093652960.dmp
	Saved/Logs/Dump1147375296.dmp
	Saved/Logs/Dump117630640.dmp
	Saved/Logs/Dump1196341888.dmp
	Saved/Logs/Dump1291483344.dmp
	Saved/Logs/Dump132828752.dmp
	Saved/Logs/Dump1335806112.dmp
	Saved/Logs/Dump1478402960.dmp
	Saved/Logs/Dump1644006112.dmp
	Saved/Logs/Dump1700446928.dmp
	Saved/Logs/Dump170389056.dmp
	Saved/Logs/Dump1710558752.dmp
	Saved/Logs/Dump1857603408.dmp
	Saved/Logs/Dump1892949632.dmp
	Saved/Logs/Dump190165600.dmp
	Saved/Logs/Dump1984599632.dmp
	Saved/Logs/Dump1990386928.dmp
	Saved/Logs/Dump2006663408.dmp
	Saved/Logs/Dump2024529184.dmp
	Saved/Logs/Dump2076712960.dmp
	Saved/Logs/Dump2124704224.dmp
	Saved/Logs/Dump222338752.dmp
	Saved/Logs/Dump234166928.dmp
	Saved/Logs/Dump247862960.dmp
	Saved/Logs/Dump268772336.dmp
	Saved/Logs/Dump299373344.dmp
	Saved/Logs/Dump822483408.dmp
	Saved/Logs/Dump844329360.dmp
	Saved/Logs/Dump897770704.dmp
	Saved/Logs/LearnAndPlay-backup-2015.07.19-15.33.45.log
	Saved/StagedBuilds/


It took 7.05 seconds to enumerate untracked files. 'status -uno'
may speed it up, but you have to be careful not to forget to add
new files yourself (see 'git help status').
'
[2015.07.19-13.40.58:359][ 21]LogSourceControl: RunCommandInternalRaw: 'git symbolic-ref --short HEAD'
[2015.07.19-13.41.00:359][ 22]LogFactory: FactoryCreateBinary: SoundWave with ReimportSoundFactory (0 0 C:/Users/Lambert/Documents/Unreal Projects/LearnAndPlay/Content/pirate/SonMer.wav)
[2015.07.19-13.41.01:375][ 22]LogActorComponent: UnregisterComponent: (/Engine/Transient.CharMoveComp) Not registered. Aborting.
[2015.07.19-13.41.06:879][ 23]AssetReimport: Info Creating new asset /Game/pirate/SonMer.
[2015.07.19-13.41.06:879][ 23]AssetReimport:Error: Error Failed to import file C:/Users/Lambert/Documents/Unreal Projects/LearnAndPlay/Content/pirate/SonMer.wav.
[2015.07.19-13.41.09:033][102]LogSourceControl: RunCommandInternalRaw: ExecProcess ReturnCode=0 OutResults=' M Content/TopDownBP/Blueprints/TopDownCharacter.uasset
AM Content/TopDownBP/Blueprints/selectcartoon.uasset
AM Content/TopDownBP/Blueprints/selectpirate.uasset
'
[2015.07.19-13.41.09:887][155]LogSourceControl: RunCommandInternalRaw: ExecProcess ReturnCode=0 OutResults='master
'
[2015.07.19-13.41.09:887][155]SourceControl: Info master
[2015.07.19-13.43.17:662][495]LogActorComponent: UnregisterComponent: (/Engine/Transient.CharMoveComp) Not registered. Aborting.
[2015.07.19-13.43.31:125][495]LogSavePackage: Save=11818.715820ms
[2015.07.19-13.43.31:137][495]LogSavePackage: Moving '../../../../../../Users/Lambert/Documents/Unreal Projects/LearnAndPlay/Saved/UEDPCTopDownExampleMapEA5F01504FA78025BCFF709D6D7818DC.tmp' to '../../../../../../Users/Lambert/Documents/Unreal Projects/LearnAndPlay/Saved/Autosaves/Game/TopDownBP/Maps/UEDPCTopDownExampleMap.umap'
[2015.07.19-13.46.19:917][367]LogD3D11RHI: Timed out while waiting for GPU to catch up. (0.5 s)
[2015.07.19-13.46.22:595][375]LogD3D11RHI: Timed out while waiting for GPU to catch up. (0.5 s)
[2015.07.19-13.46.34:002][377]LogD3D11RHI: Timed out while waiting for GPU to catch up. (0.5 s)
[2015.07.19-13.46.34:508][378]LogD3D11RHI: Timed out while waiting for GPU to catch up. (0.5 s)
[2015.07.19-13.46.54:442][437]LogD3D11RHI: Timed out while waiting for GPU to catch up. (0.5 s)
[2015.07.19-13.46.54:944][438]LogD3D11RHI: Timed out while waiting for GPU to catch up. (0.5 s)
[2015.07.19-13.46.55:445][439]LogD3D11RHI: Timed out while waiting for GPU to catch up. (0.5 s)
[2015.07.19-13.46.56:012][440]LogD3D11RHI: Timed out while waiting for GPU to catch up. (500 ms)
[2015.07.19-13.47.00:148][443]LogD3D11RHI: Timed out while waiting for GPU to catch up. (0.5 s)
[2015.07.19-13.47.00:653][444]LogD3D11RHI: Timed out while waiting for GPU to catch up. (0.5 s)
[2015.07.19-13.47.01:158][445]LogD3D11RHI: Timed out while waiting for GPU to catch up. (0.5 s)
[2015.07.19-13.47.01:659][446]LogD3D11RHI: Timed out while waiting for GPU to catch up. (500 ms)
[2015.07.19-13.47.33:899][581]LogD3D11RHI: Timed out while waiting for GPU to catch up. (0.5 s)
[2015.07.19-13.47.34:680][582]LogD3D11RHI: Timed out while waiting for GPU to catch up. (0.5 s)
[2015.07.19-13.47.35:192][583]LogD3D11RHI: Timed out while waiting for GPU to catch up. (0.5 s)
[2015.07.19-13.48.27:354][782]LogD3D11RHI: Timed out while waiting for GPU to catch up. (0.5 s)
[2015.07.19-13.48.27:856][783]LogD3D11RHI: Timed out while waiting for GPU to catch up. (0.5 s)
[2015.07.19-13.48.28:357][784]LogD3D11RHI: Timed out while waiting for GPU to catch up. (0.5 s)
[2015.07.19-13.48.28:858][785]LogD3D11RHI: Timed out while waiting for GPU to catch up. (500 ms)
[2015.07.19-13.51.15:052][314]LogActorComponent: UnregisterComponent: (/Engine/Transient.CharMoveComp) Not registered. Aborting.
[2015.07.19-13.51.18:689][314]LogSavePackage: Save=3191.613281ms
[2015.07.19-13.51.18:689][314]LogSavePackage: Moving '../../../../../../Users/Lambert/Documents/Unreal Projects/LearnAndPlay/Saved/UEDPCTopDownExampleMap1EC1304544D614840036A2BD7E85EAA2.tmp' to '../../../../../../Users/Lambert/Documents/Unreal Projects/LearnAndPlay/Saved/Autosaves/Game/TopDownBP/Maps/UEDPCTopDownExampleMap.umap'
[2015.07.19-13.52.23:308][569]LogD3D11RHI: Timed out while waiting 